<?xml version="1.0" encoding="UTF-8"?>
<!-- Generated by org.testng.reporters.JUnitReportReporter -->
<testsuite hostname="MSI" name="mavenforJenkins.mavenforJenkins.UITest" tests="1" failures="0" timestamp="17 Nov 2021 08:00:23 GMT" time="6.802" errors="0">
  <testcase name="startbrowser" time="6.802" classname="mavenforJenkins.mavenforJenkins.UITest"/>
</testsuite> <!-- mavenforJenkins.mavenforJenkins.UITest -->
