<?xml version="1.0" encoding="UTF-8"?>
<!-- Generated by org.testng.reporters.JUnitReportReporter -->
<testsuite hostname="MSI" name="mavenforJenkins.mavenforJenkins.UITest" tests="1" failures="0" timestamp="18 Nov 2021 14:54:20 GMT" time="7.775" errors="0">
  <testcase name="startbrowser" time="7.775" classname="mavenforJenkins.mavenforJenkins.UITest"/>
</testsuite> <!-- mavenforJenkins.mavenforJenkins.UITest -->
